androidApp/build/outputs/logs/manifest-merger-debug-report.txt
-- Merging decision tree log ---
manifest
ADDED from src/main/AndroidManifest.xml:2:1-25:12
INJECTED from src/main/AndroidManifest.xml:2:1-25:12
INJECTED from src/main/AndroidManifest.xml:2:1-25:12
INJECTED from src/main/AndroidManifest.xml:2:1-25:12
MERGED from [:shared] AndroidManifest.xml:2:1-9:12
MERGED from [io.insert-koin:koin-androidx-compose:3.1.3] AndroidManifest.xml:2:1-7:12
MERGED from [io.insert-koin:koin-android:3.1.3] AndroidManifest.xml:2:1-9:12
MERGED from [com.google.accompanist:accompanist-pager:0.21.2-beta] AndroidManifest.xml:17:1-24:12
MERGED from [com.google.accompanist:accompanist-navigation-animation:0.21.3-beta] AndroidManifest.xml:17:1-24:12
MERGED from [dev.chrisbanes.snapper:snapper:0.1.0] AndroidManifest.xml:17:1-24:12
MERGED from [com.russhwolf:multiplatform-settings-no-arg-android-debug:0.8.1] AndroidManifest.xml:17:1-35:12
MERGED from [io.coil-kt:coil-compose:1.4.0] AndroidManifest.xml:2:1-9:12
MERGED from [io.coil-kt:coil-compose-base:1.4.0] AndroidManifest.xml:2:1-9:12
MERGED from [com.google.accompanist:accompanist-drawablepainter:0.19.0] AndroidManifest.xml:17:1-24:12
MERGED from [androidx.compose.ui:ui-tooling:1.0.5] AndroidManifest.xml:17:1-30:12
MERGED from [androidx.navigation:navigation-compose:2.4.0-beta02] AndroidManifest.xml:17:1-24:12
MERGED from [androidx.activity:activity-compose:1.4.0] AndroidManifest.xml:17:1-24:12
MERGED from [androidx.fragment:fragment-ktx:1.3.6] AndroidManifest.xml:17:1-24:12
MERGED from [androidx.navigation:navigation-runtime-ktx:2.4.0-beta02] AndroidManifest.xml:17:1-24:12
MERGED from [androidx.navigation:navigation-runtime:2.4.0-beta02] AndroidManifest.xml:17:1-24:12
MERGED from [androidx.activity:activity-ktx:1.4.0] AndroidManifest.xml:17:1-24:12
MERGED from [androidx.navigation:navigation-common-ktx:2.4.0-beta02] AndroidManifest.xml:17:1-24:12
MERGED from [androidx.navigation:navigation-common:2.4.0-beta02] AndroidManifest.xml:17:1-24:12
MERGED from [androidx.lifecycle:lifecycle-runtime-ktx:2.4.0] AndroidManifest.xml:17:1-24:12
MERGED from [androidx.lifecycle:lifecycle-viewmodel-compose:2.4.0-rc01] AndroidManifest.xml:17:1-24:12
MERGED from [androidx.lifecycle:lifecycle-viewmodel-ktx:2.3.1] AndroidManifest.xml:17:1-24:12
MERGED from [io.coil-kt:coil:1.4.0] AndroidManifest.xml:2:1-9:12
MERGED from [io.coil-kt:coil-base:1.4.0] AndroidManifest.xml:2:1-9:12
MERGED from [androidx.compose.ui:ui-tooling-preview:1.0.5] AndroidManifest.xml:17:1-24:12
MERGED from [androidx.compose.runtime:runtime-livedata:1.1.0-beta02] AndroidManifest.xml:17:1-24:12
MERGED from [androidx.compose.ui:ui-tooling-data:1.0.5] AndroidManifest.xml:17:1-24:12
MERGED from [androidx.compose.material:material:1.1.0-beta03] AndroidManifest.xml:17:1-24:12
MERGED from [androidx.compose.material:material-ripple:1.1.0-beta03] AndroidManifest.xml:17:1-24:12
MERGED from [androidx.compose.foundation:foundation:1.1.0-beta03] AndroidManifest.xml:17:1-24:12
MERGED from [androidx.compose.animation:animation:1.1.0-beta03] AndroidManifest.xml:17:1-24:12
MERGED from [androidx.compose.animation:animation-core:1.1.0-beta03] AndroidManifest.xml:17:1-24:12
MERGED from [androidx.compose.foundation:foundation-layout:1.1.0-beta03] AndroidManifest.xml:17:1-24:12
MERGED from [androidx.compose.material:material-icons-core:1.1.0-beta03] AndroidManifest.xml:17:1-24:12
MERGED from [androidx.compose.ui:ui:1.1.0-beta03] AndroidManifest.xml:17:1-24:12
MERGED from [androidx.compose.ui:ui-text:1.1.0-beta03] AndroidManifest.xml:17:1-24:12
MERGED from [androidx.compose.ui:ui-graphics:1.1.0-beta03] AndroidManifest.xml:17:1-24:12
MERGED from [androidx.compose.runtime:runtime-saveable:1.1.0-beta03] AndroidManifest.xml:17:1-24:12
MERGED from [androidx.compose.ui:ui-unit:1.1.0-beta03] AndroidManifest.xml:17:1-24:12
MERGED from [androidx.compose.ui:ui-geometry:1.1.0-beta03] AndroidManifest.xml:17:1-24:12
MERGED from [androidx.compose.runtime:runtime:1.1.0-beta03] AndroidManifest.xml:17:1-24:12
MERGED from [com.russhwolf:multiplatform-settings-android-debug:0.8.1] AndroidManifest.xml:17:1-22:12
MERGED from [com.google.android.material:material:1.4.0] AndroidManifest.xml:17:1-24:12
MERGED from [androidx.constraintlayout:constraintlayout:2.1.1] AndroidManifest.xml:2:1-11:12
MERGED from [androidx.appcompat:appcompat:1.3.1] AndroidManifest.xml:17:1-24:12
MERGED from [androidx.core:core-ktx:1.6.0] AndroidManifest.xml:2:1-9:12
MERGED from [androidx.viewpager2:viewpager2:1.0.0] AndroidManifest.xml:17:1-24:12
MERGED from [androidx.lifecycle:lifecycle-extensions:2.2.0] AndroidManifest.xml:17:1-27:12
MERGED from [androidx.fragment:fragment:1.3.6] AndroidManifest.xml:17:1-24:12
MERGED from [androidx.activity:activity:1.4.0] AndroidManifest.xml:17:1-24:12
MERGED from [androidx.savedstate:savedstate-ktx:1.1.0] AndroidManifest.xml:17:1-24:12
MERGED from [androidx.lifecycle:lifecycle-livedata-core-ktx:2.3.1] AndroidManifest.xml:17:1-24:12
MERGED from [io.github.aakira:napier-android-debug:1.4.1] AndroidManifest.xml:2:1-11:12
MERGED from [androidx.compose.ui:ui-util:1.1.0-beta03] AndroidManifest.xml:17:1-24:12
MERGED from [androidx.cardview:cardview:1.0.0] AndroidManifest.xml:17:1-22:12
MERGED from [androidx.coordinatorlayout:coordinatorlayout:1.1.0] AndroidManifest.xml:17:1-24:12
MERGED from [androidx.transition:transition:1.2.0] AndroidManifest.xml:17:1-24:12
MERGED from [androidx.appcompat:appcompat-resources:1.3.1] AndroidManifest.xml:17:1-24:12
MERGED from [androidx.vectordrawable:vectordrawable-animated:1.1.0] AndroidManifest.xml:17:1-24:12
MERGED from [androidx.vectordrawable:vectordrawable:1.1.0] AndroidManifest.xml:17:1-24:12
MERGED from [androidx.cursoradapter:cursoradapter:1.0.0] AndroidManifest.xml:17:1-22:12
MERGED from [androidx.drawerlayout:drawerlayout:1.0.0] AndroidManifest.xml:17:1-22:12
MERGED from [androidx.lifecycle:lifecycle-viewmodel-savedstate:2.3.1] AndroidManifest.xml:17:1-24:12
MERGED from [androidx.savedstate:savedstate:1.1.0] AndroidManifest.xml:17:1-24:12
MERGED from [androidx.dynamicanimation:dynamicanimation:1.0.0] AndroidManifest.xml:17:1-22:12
MERGED from [androidx.legacy:legacy-support-core-utils:1.0.0] AndroidManifest.xml:17:1-22:12
MERGED from [androidx.loader:loader:1.0.0] AndroidManifest.xml:17:1-22:12
MERGED from [androidx.lifecycle:lifecycle-viewmodel:2.3.1] AndroidManifest.xml:17:1-24:12
MERGED from [androidx.recyclerview:recyclerview:1.1.0] AndroidManifest.xml:17:1-24:12
MERGED from [androidx.viewpager:viewpager:1.0.0] AndroidManifest.xml:17:1-22:12
MERGED from [androidx.customview:customview:1.0.0] AndroidManifest.xml:17:1-22:12
MERGED from [androidx.autofill:autofill:1.0.0] AndroidManifest.xml:17:1-24:12
MERGED from [androidx.core:core:1.7.0] AndroidManifest.xml:17:1-26:12
MERGED from [androidx.lifecycle:lifecycle-runtime:2.4.0] AndroidManifest.xml:17:1-24:12
MERGED from [androidx.versionedparcelable:versionedparcelable:1.1.1] AndroidManifest.xml:17:1-27:12
MERGED from [androidx.lifecycle:lifecycle-livedata:2.2.0] AndroidManifest.xml:17:1-24:12
MERGED from [androidx.lifecycle:lifecycle-livedata-core:2.3.1] AndroidManifest.xml:17:1-24:12
MERGED from [androidx.arch.core:core-runtime:2.1.0] AndroidManifest.xml:17:1-24:12
MERGED from [androidx.profileinstaller:profileinstaller:1.1.0-beta03] AndroidManifest.xml:17:1-48:12
MERGED from [androidx.startup:startup-runtime:1.1.0] AndroidManifest.xml:17:1-33:12
MERGED from [androidx.documentfile:documentfile:1.0.0] AndroidManifest.xml:17:1-22:12
MERGED from [androidx.localbroadcastmanager:localbroadcastmanager:1.0.0] AndroidManifest.xml:17:1-22:12
MERGED from [androidx.print:print:1.0.0] AndroidManifest.xml:17:1-22:12
MERGED from [androidx.interpolator:interpolator:1.0.0] AndroidManifest.xml:17:1-22:12
MERGED from [androidx.tracing:tracing:1.0.0] AndroidManifest.xml:17:1-24:12
MERGED from [androidx.exifinterface:exifinterface:1.3.3] AndroidManifest.xml:17:1-24:12
MERGED from [androidx.annotation:annotation-experimental:1.1.0] AndroidManifest.xml:17:1-24:12
INJECTED from src/main/AndroidManifest.xml:2:1-25:12
INJECTED from src/main/AndroidManifest.xml:2:1-25:12
INJECTED from src/main/AndroidManifest.xml:2:1-25:12
	package
		ADDED from src/main/AndroidManifest.xml:3:5-46
		INJECTED from src/main/AndroidManifest.xml
		INJECTED from src/main/AndroidManifest.xml
	android:versionName
		INJECTED from src/main/AndroidManifest.xml
		ADDED from src/main/AndroidManifest.xml:2:1-25:12
		INJECTED from src/main/AndroidManifest.xml
	android:versionCode
		INJECTED from src/main/AndroidManifest.xml
		ADDED from src/main/AndroidManifest.xml:2:1-25:12
		INJECTED from src/main/AndroidManifest.xml
	xmlns:android
		ADDED from src/main/AndroidManifest.xml:2:11-69
uses-permission#android.permission.INTERNET
ADDED from src/main/AndroidManifest.xml:5:5-66
	android:name
		ADDED from src/main/AndroidManifest.xml:5:22-64
application
ADDED from src/main/AndroidManifest.xml:7:5-23:19
MERGED from [io.insert-koin:koin-android:3.1.3] AndroidManifest.xml:7:5-20
MERGED from [io.insert-koin:koin-android:3.1.3] AndroidManifest.xml:7:5-20
MERGED from [com.russhwolf:multiplatform-settings-no-arg-android-debug:0.8.1] AndroidManifest.xml:23:5-33:19
MERGED from [com.russhwolf:multiplatform-settings-no-arg-android-debug:0.8.1] AndroidManifest.xml:23:5-33:19
MERGED from [androidx.compose.ui:ui-tooling:1.0.5] AndroidManifest.xml:24:5-28:19
MERGED from [androidx.compose.ui:ui-tooling:1.0.5] AndroidManifest.xml:24:5-28:19
MERGED from [com.google.android.material:material:1.4.0] AndroidManifest.xml:22:5-20
MERGED from [com.google.android.material:material:1.4.0] AndroidManifest.xml:22:5-20
MERGED from [androidx.constraintlayout:constraintlayout:2.1.1] AndroidManifest.xml:9:5-20
MERGED from [androidx.constraintlayout:constraintlayout:2.1.1] AndroidManifest.xml:9:5-20
MERGED from [androidx.lifecycle:lifecycle-extensions:2.2.0] AndroidManifest.xml:24:5-25:19
MERGED from [androidx.lifecycle:lifecycle-extensions:2.2.0] AndroidManifest.xml:24:5-25:19
MERGED from [androidx.core:core:1.7.0] AndroidManifest.xml:24:5-89
MERGED from [androidx.core:core:1.7.0] AndroidManifest.xml:24:5-89
MERGED from [androidx.versionedparcelable:versionedparcelable:1.1.1] AndroidManifest.xml:24:5-25:19
MERGED from [androidx.versionedparcelable:versionedparcelable:1.1.1] AndroidManifest.xml:24:5-25:19
MERGED from [androidx.profileinstaller:profileinstaller:1.1.0-beta03] AndroidManifest.xml:25:5-46:19
MERGED from [androidx.profileinstaller:profileinstaller:1.1.0-beta03] AndroidManifest.xml:25:5-46:19
MERGED from [androidx.startup:startup-runtime:1.1.0] AndroidManifest.xml:25:5-31:19
MERGED from [androidx.startup:startup-runtime:1.1.0] AndroidManifest.xml:25:5-31:19
	android:appComponentFactory
		ADDED from [androidx.core:core:1.7.0] AndroidManifest.xml:24:18-86
	android:supportsRtl
		ADDED from src/main/AndroidManifest.xml:10:9-35
	android:allowBackup
		ADDED from src/main/AndroidManifest.xml:9:9-36
	android:theme
		ADDED from src/main/AndroidManifest.xml:11:9-40
	android:name
		ADDED from src/main/AndroidManifest.xml:8:9-40
activity#com.izanaminightz.mochi.android.MainActivity
ADDED from src/main/AndroidManifest.xml:12:9-22:20
	android:label
		ADDED from src/main/AndroidManifest.xml:15:13-56
	android:exported
		ADDED from src/main/AndroidManifest.xml:14:13-36
	android:theme
		ADDED from src/main/AndroidManifest.xml:16:13-44
	android:name
		ADDED from src/main/AndroidManifest.xml:13:13-41
intent-filter#action:name:android.intent.action.MAIN+category:name:android.intent.category.LAUNCHER
ADDED from src/main/AndroidManifest.xml:17:13-21:29
action#android.intent.action.MAIN
ADDED from src/main/AndroidManifest.xml:18:17-69
	android:name
		ADDED from src/main/AndroidManifest.xml:18:25-66
category#android.intent.category.LAUNCHER
ADDED from src/main/AndroidManifest.xml:20:17-77
	android:name
		ADDED from src/main/AndroidManifest.xml:20:27-74
uses-sdk
INJECTED from src/main/AndroidManifest.xml reason: use-sdk injection requested
INJECTED from src/main/AndroidManifest.xml
INJECTED from src/main/AndroidManifest.xml
MERGED from [:shared] AndroidManifest.xml:5:5-7:41
MERGED from [:shared] AndroidManifest.xml:5:5-7:41
MERGED from [io.insert-koin:koin-androidx-compose:3.1.3] AndroidManifest.xml:5:5-44
MERGED from [io.insert-koin:koin-androidx-compose:3.1.3] AndroidManifest.xml:5:5-44
MERGED from [io.insert-koin:koin-android:3.1.3] AndroidManifest.xml:5:5-44
MERGED from [io.insert-koin:koin-android:3.1.3] AndroidManifest.xml:5:5-44
MERGED from [com.google.accompanist:accompanist-pager:0.21.2-beta] AndroidManifest.xml:20:5-22:41
MERGED from [com.google.accompanist:accompanist-pager:0.21.2-beta] AndroidManifest.xml:20:5-22:41
MERGED from [com.google.accompanist:accompanist-navigation-animation:0.21.3-beta] AndroidManifest.xml:20:5-22:41
MERGED from [com.google.accompanist:accompanist-navigation-animation:0.21.3-beta] AndroidManifest.xml:20:5-22:41
MERGED from [dev.chrisbanes.snapper:snapper:0.1.0] AndroidManifest.xml:20:5-22:41
MERGED from [dev.chrisbanes.snapper:snapper:0.1.0] AndroidManifest.xml:20:5-22:41
MERGED from [com.russhwolf:multiplatform-settings-no-arg-android-debug:0.8.1] AndroidManifest.xml:21:5-44
MERGED from [com.russhwolf:multiplatform-settings-no-arg-android-debug:0.8.1] AndroidManifest.xml:21:5-44
MERGED from [io.coil-kt:coil-compose:1.4.0] AndroidManifest.xml:5:5-7:41
MERGED from [io.coil-kt:coil-compose:1.4.0] AndroidManifest.xml:5:5-7:41
MERGED from [io.coil-kt:coil-compose-base:1.4.0] AndroidManifest.xml:5:5-7:41
MERGED from [io.coil-kt:coil-compose-base:1.4.0] AndroidManifest.xml:5:5-7:41
MERGED from [com.google.accompanist:accompanist-drawablepainter:0.19.0] AndroidManifest.xml:20:5-22:41
MERGED from [com.google.accompanist:accompanist-drawablepainter:0.19.0] AndroidManifest.xml:20:5-22:41
MERGED from [androidx.compose.ui:ui-tooling:1.0.5] AndroidManifest.xml:20:5-22:41
MERGED from [androidx.compose.ui:ui-tooling:1.0.5] AndroidManifest.xml:20:5-22:41
MERGED from [androidx.navigation:navigation-compose:2.4.0-beta02] AndroidManifest.xml:20:5-22:41
MERGED from [androidx.navigation:navigation-compose:2.4.0-beta02] AndroidManifest.xml:20:5-22:41
MERGED from [androidx.activity:activity-compose:1.4.0] AndroidManifest.xml:20:5-22:41
MERGED from [androidx.activity:activity-compose:1.4.0] AndroidManifest.xml:20:5-22:41
MERGED from [androidx.fragment:fragment-ktx:1.3.6] AndroidManifest.xml:20:5-22:41
MERGED from [androidx.fragment:fragment-ktx:1.3.6] AndroidManifest.xml:20:5-22:41
MERGED from [androidx.navigation:navigation-runtime-ktx:2.4.0-beta02] AndroidManifest.xml:20:5-22:41
MERGED from [androidx.navigation:navigation-runtime-ktx:2.4.0-beta02] AndroidManifest.xml:20:5-22:41
MERGED from [androidx.navigation:navigation-runtime:2.4.0-beta02] AndroidManifest.xml:20:5-22:41
MERGED from [androidx.navigation:navigation-runtime:2.4.0-beta02] AndroidManifest.xml:20:5-22:41
MERGED from [androidx.activity:activity-ktx:1.4.0] AndroidManifest.xml:20:5-22:41
MERGED from [androidx.activity:activity-ktx:1.4.0] AndroidManifest.xml:20:5-22:41
MERGED from [androidx.navigation:navigation-common-ktx:2.4.0-beta02] AndroidManifest.xml:20:5-22:41
MERGED from [androidx.navigation:navigation-common-ktx:2.4.0-beta02] AndroidManifest.xml:20:5-22:41
MERGED from [androidx.navigation:navigation-common:2.4.0-beta02] AndroidManifest.xml:20:5-22:41
MERGED from [androidx.navigation:navigation-common:2.4.0-beta02] AndroidManifest.xml:20:5-22:41
MERGED from [androidx.lifecycle:lifecycle-runtime-ktx:2.4.0] AndroidManifest.xml:20:5-22:41
MERGED from [androidx.lifecycle:lifecycle-runtime-ktx:2.4.0] AndroidManifest.xml:20:5-22:41
MERGED from [androidx.lifecycle:lifecycle-viewmodel-compose:2.4.0-rc01] AndroidManifest.xml:20:5-22:41
MERGED from [androidx.lifecycle:lifecycle-viewmodel-compose:2.4.0-rc01] AndroidManifest.xml:20:5-22:41
MERGED from [androidx.lifecycle:lifecycle-viewmodel-ktx:2.3.1] AndroidManifest.xml:20:5-22:41
MERGED from [androidx.lifecycle:lifecycle-viewmodel-ktx:2.3.1] AndroidManifest.xml:20:5-22:41
MERGED from [io.coil-kt:coil:1.4.0] AndroidManifest.xml:5:5-7:41
MERGED from [io.coil-kt:coil:1.4.0] AndroidManifest.xml:5:5-7:41
MERGED from [io.coil-kt:coil-base:1.4.0] AndroidManifest.xml:5:5-7:41
MERGED from [io.coil-kt:coil-base:1.4.0] AndroidManifest.xml:5:5-7:41
MERGED from [androidx.compose.ui:ui-tooling-preview:1.0.5] AndroidManifest.xml:20:5-22:41
MERGED from [androidx.compose.ui:ui-tooling-preview:1.0.5] AndroidManifest.xml:20:5-22:41
MERGED from [androidx.compose.runtime:runtime-livedata:1.1.0-beta02] AndroidManifest.xml:20:5-22:41
MERGED from [androidx.compose.runtime:runtime-livedata:1.1.0-beta02] AndroidManifest.xml:20:5-22:41
MERGED from [androidx.compose.ui:ui-tooling-data:1.0.5] AndroidManifest.xml:20:5-22:41
MERGED from [androidx.compose.ui:ui-tooling-data:1.0.5] AndroidManifest.xml:20:5-22:41
MERGED from [androidx.compose.material:material:1.1.0-beta03] AndroidManifest.xml:20:5-22:41
MERGED from [androidx.compose.material:material:1.1.0-beta03] AndroidManifest.xml:20:5-22:41
MERGED from [androidx.compose.material:material-ripple:1.1.0-beta03] AndroidManifest.xml:20:5-22:41
MERGED from [androidx.compose.material:material-ripple:1.1.0-beta03] AndroidManifest.xml:20:5-22:41
MERGED from [androidx.compose.foundation:foundation:1.1.0-beta03] AndroidManifest.xml:20:5-22:41
MERGED from [androidx.compose.foundation:foundation:1.1.0-beta03] AndroidManifest.xml:20:5-22:41
MERGED from [androidx.compose.animation:animation:1.1.0-beta03] AndroidManifest.xml:20:5-22:41
MERGED from [androidx.compose.animation:animation:1.1.0-beta03] AndroidManifest.xml:20:5-22:41
MERGED from [androidx.compose.animation:animation-core:1.1.0-beta03] AndroidManifest.xml:20:5-22:41
MERGED from [androidx.compose.animation:animation-core:1.1.0-beta03] AndroidManifest.xml:20:5-22:41
MERGED from [androidx.compose.foundation:foundation-layout:1.1.0-beta03] AndroidManifest.xml:20:5-22:41
MERGED from [androidx.compose.foundation:foundation-layout:1.1.0-beta03] AndroidManifest.xml:20:5-22:41
MERGED from [androidx.compose.material:material-icons-core:1.1.0-beta03] AndroidManifest.xml:20:5-22:41
MERGED from [androidx.compose.material:material-icons-core:1.1.0-beta03] AndroidManifest.xml:20:5-22:41
MERGED from [androidx.compose.ui:ui:1.1.0-beta03] AndroidManifest.xml:20:5-22:41
MERGED from [androidx.compose.ui:ui:1.1.0-beta03] AndroidManifest.xml:20:5-22:41
MERGED from [androidx.compose.ui:ui-text:1.1.0-beta03] AndroidManifest.xml:20:5-22:41
MERGED from [androidx.compose.ui:ui-text:1.1.0-beta03] AndroidManifest.xml:20:5-22:41
MERGED from [androidx.compose.ui:ui-graphics:1.1.0-beta03] AndroidManifest.xml:20:5-22:41
MERGED from [androidx.compose.ui:ui-graphics:1.1.0-beta03] AndroidManifest.xml:20:5-22:41
MERGED from [androidx.compose.runtime:runtime-saveable:1.1.0-beta03] AndroidManifest.xml:20:5-22:41
MERGED from [androidx.compose.runtime:runtime-saveable:1.1.0-beta03] AndroidManifest.xml:20:5-22:41
MERGED from [androidx.compose.ui:ui-unit:1.1.0-beta03] AndroidManifest.xml:20:5-22:41
MERGED from [androidx.compose.ui:ui-unit:1.1.0-beta03] AndroidManifest.xml:20:5-22:41
MERGED from [androidx.compose.ui:ui-geometry:1.1.0-beta03] AndroidManifest.xml:20:5-22:41
MERGED from [androidx.compose.ui:ui-geometry:1.1.0-beta03] AndroidManifest.xml:20:5-22:41
MERGED from [androidx.compose.runtime:runtime:1.1.0-beta03] AndroidManifest.xml:20:5-22:41
MERGED from [androidx.compose.runtime:runtime:1.1.0-beta03] AndroidManifest.xml:20:5-22:41
MERGED from [com.russhwolf:multiplatform-settings-android-debug:0.8.1] AndroidManifest.xml:20:5-44
MERGED from [com.russhwolf:multiplatform-settings-android-debug:0.8.1] AndroidManifest.xml:20:5-44
MERGED from [com.google.android.material:material:1.4.0] AndroidManifest.xml:20:5-44
MERGED from [com.google.android.material:material:1.4.0] AndroidManifest.xml:20:5-44
MERGED from [androidx.constraintlayout:constraintlayout:2.1.1] AndroidManifest.xml:5:5-7:41
MERGED from [androidx.constraintlayout:constraintlayout:2.1.1] AndroidManifest.xml:5:5-7:41
MERGED from [androidx.appcompat:appcompat:1.3.1] AndroidManifest.xml:20:5-22:41
MERGED from [androidx.appcompat:appcompat:1.3.1] AndroidManifest.xml:20:5-22:41
MERGED from [androidx.core:core-ktx:1.6.0] AndroidManifest.xml:5:5-7:41
MERGED from [androidx.core:core-ktx:1.6.0] AndroidManifest.xml:5:5-7:41
MERGED from [androidx.viewpager2:viewpager2:1.0.0] AndroidManifest.xml:20:5-22:41
MERGED from [androidx.viewpager2:viewpager2:1.0.0] AndroidManifest.xml:20:5-22:41
MERGED from [androidx.lifecycle:lifecycle-extensions:2.2.0] AndroidManifest.xml:20:5-22:41
MERGED from [androidx.lifecycle:lifecycle-extensions:2.2.0] AndroidManifest.xml:20:5-22:41
MERGED from [androidx.fragment:fragment:1.3.6] AndroidManifest.xml:20:5-22:41
MERGED from [androidx.fragment:fragment:1.3.6] AndroidManifest.xml:20:5-22:41
MERGED from [androidx.activity:activity:1.4.0] AndroidManifest.xml:20:5-22:41
MERGED from [androidx.activity:activity:1.4.0] AndroidManifest.xml:20:5-22:41
MERGED from [androidx.savedstate:savedstate-ktx:1.1.0] AndroidManifest.xml:20:5-22:41
MERGED from [androidx.savedstate:savedstate-ktx:1.1.0] AndroidManifest.xml:20:5-22:41
MERGED from [androidx.lifecycle:lifecycle-livedata-core-ktx:2.3.1] AndroidManifest.xml:20:5-22:41
MERGED from [androidx.lifecycle:lifecycle-livedata-core-ktx:2.3.1] AndroidManifest.xml:20:5-22:41
MERGED from [io.github.aakira:napier-android-debug:1.4.1] AndroidManifest.xml:7:5-9:41
MERGED from [io.github.aakira:napier-android-debug:1.4.1] AndroidManifest.xml:7:5-9:41
MERGED from [androidx.compose.ui:ui-util:1.1.0-beta03] AndroidManifest.xml:20:5-22:41
MERGED from [androidx.compose.ui:ui-util:1.1.0-beta03] AndroidManifest.xml:20:5-22:41
MERGED from [androidx.cardview:cardview:1.0.0] AndroidManifest.xml:20:5-44
MERGED from [androidx.cardview:cardview:1.0.0] AndroidManifest.xml:20:5-44
MERGED from [androidx.coordinatorlayout:coordinatorlayout:1.1.0] AndroidManifest.xml:20:5-22:41
MERGED from [androidx.coordinatorlayout:coordinatorlayout:1.1.0] AndroidManifest.xml:20:5-22:41
MERGED from [androidx.transition:transition:1.2.0] AndroidManifest.xml:20:5-22:41
MERGED from [androidx.transition:transition:1.2.0] AndroidManifest.xml:20:5-22:41
MERGED from [androidx.appcompat:appcompat-resources:1.3.1] AndroidManifest.xml:20:5-22:41
MERGED from [androidx.appcompat:appcompat-resources:1.3.1] AndroidManifest.xml:20:5-22:41
MERGED from [androidx.vectordrawable:vectordrawable-animated:1.1.0] AndroidManifest.xml:20:5-22:41
MERGED from [androidx.vectordrawable:vectordrawable-animated:1.1.0] AndroidManifest.xml:20:5-22:41
MERGED from [androidx.vectordrawable:vectordrawable:1.1.0] AndroidManifest.xml:20:5-22:41
MERGED from [androidx.vectordrawable:vectordrawable:1.1.0] AndroidManifest.xml:20:5-22:41
MERGED from [androidx.cursoradapter:cursoradapter:1.0.0] AndroidManifest.xml:20:5-44
MERGED from [androidx.cursoradapter:cursoradapter:1.0.0] AndroidManifest.xml:20:5-44
MERGED from [androidx.drawerlayout:drawerlayout:1.0.0] AndroidManifest.xml:20:5-44
MERGED from [androidx.drawerlayout:drawerlayout:1.0.0] AndroidManifest.xml:20:5-44
MERGED from [androidx.lifecycle:lifecycle-viewmodel-savedstate:2.3.1] AndroidManifest.xml:20:5-22:41
MERGED from [androidx.lifecycle:lifecycle-viewmodel-savedstate:2.3.1] AndroidManifest.xml:20:5-22:41
MERGED from [androidx.savedstate:savedstate:1.1.0] AndroidManifest.xml:20:5-22:41
MERGED from [androidx.savedstate:savedstate:1.1.0] AndroidManifest.xml:20:5-22:41
MERGED from [androidx.dynamicanimation:dynamicanimation:1.0.0] AndroidManifest.xml:20:5-44
MERGED from [androidx.dynamicanimation:dynamicanimation:1.0.0] AndroidManifest.xml:20:5-44
MERGED from [androidx.legacy:legacy-support-core-utils:1.0.0] AndroidManifest.xml:20:5-44
MERGED from [androidx.legacy:legacy-support-core-utils:1.0.0] AndroidManifest.xml:20:5-44
MERGED from [androidx.loader:loader:1.0.0] AndroidManifest.xml:20:5-44
MERGED from [androidx.loader:loader:1.0.0] AndroidManifest.xml:20:5-44
MERGED from [androidx.lifecycle:lifecycle-viewmodel:2.3.1] AndroidManifest.xml:20:5-22:41
MERGED from [androidx.lifecycle:lifecycle-viewmodel:2.3.1] AndroidManifest.xml:20:5-22:41
MERGED from [androidx.recyclerview:recyclerview:1.1.0] AndroidManifest.xml:20:5-22:41
MERGED from [androidx.recyclerview:recyclerview:1.1.0] AndroidManifest.xml:20:5-22:41
MERGED from [androidx.viewpager:viewpager:1.0.0] AndroidManifest.xml:20:5-44
MERGED from [androidx.viewpager:viewpager:1.0.0] AndroidManifest.xml:20:5-44
MERGED from [androidx.customview:customview:1.0.0] AndroidManifest.xml:20:5-44
MERGED from [androidx.customview:customview:1.0.0] AndroidManifest.xml:20:5-44
MERGED from [androidx.autofill:autofill:1.0.0] AndroidManifest.xml:20:5-22:41
MERGED from [androidx.autofill:autofill:1.0.0] AndroidManifest.xml:20:5-22:41
MERGED from [androidx.core:core:1.7.0] AndroidManifest.xml:20:5-22:41
MERGED from [androidx.core:core:1.7.0] AndroidManifest.xml:20:5-22:41
MERGED from [androidx.lifecycle:lifecycle-runtime:2.4.0] AndroidManifest.xml:20:5-22:41
MERGED from [androidx.lifecycle:lifecycle-runtime:2.4.0] AndroidManifest.xml:20:5-22:41
MERGED from [androidx.versionedparcelable:versionedparcelable:1.1.1] AndroidManifest.xml:20:5-22:41
MERGED from [androidx.versionedparcelable:versionedparcelable:1.1.1] AndroidManifest.xml:20:5-22:41
MERGED from [androidx.lifecycle:lifecycle-livedata:2.2.0] AndroidManifest.xml:20:5-22:41
MERGED from [androidx.lifecycle:lifecycle-livedata:2.2.0] AndroidManifest.xml:20:5-22:41
MERGED from [androidx.lifecycle:lifecycle-livedata-core:2.3.1] AndroidManifest.xml:20:5-22:41
MERGED from [androidx.lifecycle:lifecycle-livedata-core:2.3.1] AndroidManifest.xml:20:5-22:41
MERGED from [androidx.arch.core:core-runtime:2.1.0] AndroidManifest.xml:20:5-22:41
MERGED from [androidx.arch.core:core-runtime:2.1.0] AndroidManifest.xml:20:5-22:41
MERGED from [androidx.profileinstaller:profileinstaller:1.1.0-beta03] AndroidManifest.xml:21:5-23:41
MERGED from [androidx.profileinstaller:profileinstaller:1.1.0-beta03] AndroidManifest.xml:21:5-23:41
MERGED from [androidx.startup:startup-runtime:1.1.0] AndroidManifest.xml:21:5-23:41
MERGED from [androidx.startup:startup-runtime:1.1.0] AndroidManifest.xml:21:5-23:41
MERGED from [androidx.documentfile:documentfile:1.0.0] AndroidManifest.xml:20:5-44
MERGED from [androidx.documentfile:documentfile:1.0.0] AndroidManifest.xml:20:5-44
MERGED from [androidx.localbroadcastmanager:localbroadcastmanager:1.0.0] AndroidManifest.xml:20:5-44
MERGED from [androidx.localbroadcastmanager:localbroadcastmanager:1.0.0] AndroidManifest.xml:20:5-44
MERGED from [androidx.print:print:1.0.0] AndroidManifest.xml:20:5-44
MERGED from [androidx.print:print:1.0.0] AndroidManifest.xml:20:5-44
MERGED from [androidx.interpolator:interpolator:1.0.0] AndroidManifest.xml:20:5-44
MERGED from [androidx.interpolator:interpolator:1.0.0] AndroidManifest.xml:20:5-44
MERGED from [androidx.tracing:tracing:1.0.0] AndroidManifest.xml:20:5-22:41
MERGED from [androidx.tracing:tracing:1.0.0] AndroidManifest.xml:20:5-22:41
MERGED from [androidx.exifinterface:exifinterface:1.3.3] AndroidManifest.xml:20:5-22:41
MERGED from [androidx.exifinterface:exifinterface:1.3.3] AndroidManifest.xml:20:5-22:41
MERGED from [androidx.annotation:annotation-experimental:1.1.0] AndroidManifest.xml:20:5-22:41
MERGED from [androidx.annotation:annotation-experimental:1.1.0] AndroidManifest.xml:20:5-22:41
INJECTED from src/main/AndroidManifest.xml
INJECTED from src/main/AndroidManifest.xml
	android:targetSdkVersion
		INJECTED from src/main/AndroidManifest.xml
		ADDED from src/main/AndroidManifest.xml
		INJECTED from src/main/AndroidManifest.xml
	android:minSdkVersion
		INJECTED from src/main/AndroidManifest.xml
		ADDED from src/main/AndroidManifest.xml
		INJECTED from src/main/AndroidManifest.xml
provider#androidx.startup.InitializationProvider
ADDED from [com.russhwolf:multiplatform-settings-no-arg-android-debug:0.8.1] AndroidManifest.xml:24:9-32:20
MERGED from [androidx.profileinstaller:profileinstaller:1.1.0-beta03] AndroidManifest.xml:26:9-34:20
MERGED from [androidx.profileinstaller:profileinstaller:1.1.0-beta03] AndroidManifest.xml:26:9-34:20
MERGED from [androidx.startup:startup-runtime:1.1.0] AndroidManifest.xml:26:9-30:34
MERGED from [androidx.startup:startup-runtime:1.1.0] AndroidManifest.xml:26:9-30:34
	tools:node
		ADDED from [com.russhwolf:multiplatform-settings-no-arg-android-debug:0.8.1] AndroidManifest.xml:28:13-31
	android:authorities
		ADDED from [com.russhwolf:multiplatform-settings-no-arg-android-debug:0.8.1] AndroidManifest.xml:26:13-68
	android:exported
		ADDED from [com.russhwolf:multiplatform-settings-no-arg-android-debug:0.8.1] AndroidManifest.xml:27:13-37
	android:name
		ADDED from [com.russhwolf:multiplatform-settings-no-arg-android-debug:0.8.1] AndroidManifest.xml:25:13-67
meta-data#com.russhwolf.settings.SettingsInitializer
ADDED from [com.russhwolf:multiplatform-settings-no-arg-android-debug:0.8.1] AndroidManifest.xml:29:13-31:52
	android:value
		ADDED from [com.russhwolf:multiplatform-settings-no-arg-android-debug:0.8.1] AndroidManifest.xml:31:17-49
	android:name
		ADDED from [com.russhwolf:multiplatform-settings-no-arg-android-debug:0.8.1] AndroidManifest.xml:30:17-74
activity#androidx.compose.ui.tooling.PreviewActivity
ADDED from [androidx.compose.ui:ui-tooling:1.0.5] AndroidManifest.xml:25:9-27:39
	android:exported
		ADDED from [androidx.compose.ui:ui-tooling:1.0.5] AndroidManifest.xml:27:13-36
	android:name
		ADDED from [androidx.compose.ui:ui-tooling:1.0.5] AndroidManifest.xml:26:13-71
meta-data#androidx.profileinstaller.ProfileInstallerInitializer
ADDED from [androidx.profileinstaller:profileinstaller:1.1.0-beta03] AndroidManifest.xml:31:13-33:52
	android:value
		ADDED from [androidx.profileinstaller:profileinstaller:1.1.0-beta03] AndroidManifest.xml:33:17-49
	android:name
		ADDED from [androidx.profileinstaller:profileinstaller:1.1.0-beta03] AndroidManifest.xml:32:17-85
receiver#androidx.profileinstaller.ProfileInstallReceiver